src/web/src-capacitor/android/app/build/intermediates/manifest_merge_blame_file/debug/manifest-merger-blame-debug-report.txt
1<?xml version="1.0" encoding="utf-8"?>
2<manifest xmlns:android="http://schemas.android.com/apk/res/android"
3    package="org.dpeters.photobooth.app"
4    android:versionCode="1"
5    android:versionName="1.0" >
6
7    <uses-sdk
8        android:minSdkVersion="21"
8-->src\main\AndroidManifest.xml
9        android:targetSdkVersion="31" />
9-->src\main\AndroidManifest.xml
10
11    <!-- Permissions -->
12    <uses-permission android:name="android.permission.INTERNET" />
12-->src\main\AndroidManifest.xml:47:5-67
12-->src\main\AndroidManifest.xml:47:22-64
13    <!-- Network API -->
14    <uses-permission android:name="android.permission.ACCESS_NETWORK_STATE" />
14-->src\main\AndroidManifest.xml:49:5-79
14-->src\main\AndroidManifest.xml:49:22-76
15
16    <uses-feature
16-->[:capacitor-android] AndroidManifest.xml:11:5-13:36
17        android:name="android.hardware.camera"
17-->[:capacitor-android] AndroidManifest.xml:12:9-47
18        android:required="false" />
18-->[:capacitor-android] AndroidManifest.xml:13:9-33
19
20    <uses-permission android:name="android.permission.RECEIVE_BOOT_COMPLETED" />
20-->[:capacitor-android] AndroidManifest.xml:15:5-81
20-->[:capacitor-android] AndroidManifest.xml:15:22-78
21    <uses-permission android:name="android.permission.WAKE_LOCK" /> <!-- Required by older versions of Google Play services to create IID tokens -->
21-->[:capacitor-android] AndroidManifest.xml:16:5-68
21-->[:capacitor-android] AndroidManifest.xml:16:22-65
22    <uses-permission android:name="com.google.android.c2dm.permission.RECEIVE" />
22-->[com.google.firebase:firebase-iid:20.1.1] AndroidManifest.xml:26:5-82
22-->[com.google.firebase:firebase-iid:20.1.1] AndroidManifest.xml:26:22-79
23
24    <application
24-->src\main\AndroidManifest.xml:5:5-44:19
25        android:allowBackup="true"
25-->src\main\AndroidManifest.xml:7:9-35
26        android:appComponentFactory="androidx.core.app.CoreComponentFactory"
26-->[androidx.core:core:1.2.0] AndroidManifest.xml:24:18-86
27        android:debuggable="true"
28        android:icon="@mipmap/ic_launcher"
28-->src\main\AndroidManifest.xml:8:9-43
29        android:label="@string/app_name"
29-->src\main\AndroidManifest.xml:9:9-41
30        android:roundIcon="@mipmap/ic_launcher_round"
30-->src\main\AndroidManifest.xml:10:9-54
31        android:supportsRtl="true"
31-->src\main\AndroidManifest.xml:11:9-35
32        android:testOnly="true"
33        android:theme="@style/AppTheme"
33-->src\main\AndroidManifest.xml:12:9-40
34        android:usesCleartextTraffic="true" >
34-->src\main\AndroidManifest.xml:6:9-44
35        <activity
35-->src\main\AndroidManifest.xml:14:9-33:20
36            android:name="org.dpeters.photobooth.app.MainActivity"
36-->src\main\AndroidManifest.xml:16:13-67
37            android:configChanges="orientation|keyboardHidden|keyboard|screenSize|locale|smallestScreenSize|screenLayout|uiMode"
37-->src\main\AndroidManifest.xml:15:13-129
38            android:label="@string/title_activity_main"
38-->src\main\AndroidManifest.xml:17:13-56
39            android:launchMode="singleTask"
39-->src\main\AndroidManifest.xml:19:13-44
40            android:theme="@style/AppTheme.NoActionBarLaunch" >
40-->src\main\AndroidManifest.xml:18:13-62
41            <intent-filter>
41-->src\main\AndroidManifest.xml:21:13-24:29
42                <action android:name="android.intent.action.MAIN" />
42-->src\main\AndroidManifest.xml:22:17-69
42-->src\main\AndroidManifest.xml:22:25-66
43
44                <category android:name="android.intent.category.LAUNCHER" />
44-->src\main\AndroidManifest.xml:23:17-77
44-->src\main\AndroidManifest.xml:23:27-74
45            </intent-filter>
46            <intent-filter>
46-->src\main\AndroidManifest.xml:26:13-31:29
47                <action android:name="android.intent.action.VIEW" />
47-->src\main\AndroidManifest.xml:27:17-69
47-->src\main\AndroidManifest.xml:27:25-66
48
49                <category android:name="android.intent.category.DEFAULT" />
49-->src\main\AndroidManifest.xml:28:17-76
49-->src\main\AndroidManifest.xml:28:27-73
50                <category android:name="android.intent.category.BROWSABLE" />
50-->src\main\AndroidManifest.xml:29:17-78
50-->src\main\AndroidManifest.xml:29:27-75
51
52                <data android:scheme="@string/custom_url_scheme" />
52-->src\main\AndroidManifest.xml:30:17-68
52-->src\main\AndroidManifest.xml:30:23-65
53            </intent-filter>
54        </activity>
55
56        <provider
57            android:name="androidx.core.content.FileProvider"
57-->src\main\AndroidManifest.xml:36:13-62
58            android:authorities="org.dpeters.photobooth.app.fileprovider"
58-->src\main\AndroidManifest.xml:37:13-64
59            android:exported="false"
59-->src\main\AndroidManifest.xml:38:13-37
60            android:grantUriPermissions="true" >
60-->src\main\AndroidManifest.xml:39:13-47
61            <meta-data
61-->src\main\AndroidManifest.xml:40:13-42:64
62                android:name="android.support.FILE_PROVIDER_PATHS"
62-->src\main\AndroidManifest.xml:41:17-67
63                android:resource="@xml/file_paths" />
63-->src\main\AndroidManifest.xml:42:17-51
64        </provider>
65
66        <service
66-->[:capacitor-android] AndroidManifest.xml:19:9-21:40
67            android:name="com.getcapacitor.plugin.background.BackgroundTaskService"
67-->[:capacitor-android] AndroidManifest.xml:20:13-84
68            android:exported="false" />
68-->[:capacitor-android] AndroidManifest.xml:21:13-37
69
70        <receiver android:name="com.getcapacitor.plugin.notification.TimedNotificationPublisher" />
70-->[:capacitor-android] AndroidManifest.xml:23:9-100
70-->[:capacitor-android] AndroidManifest.xml:23:19-97
71        <receiver android:name="com.getcapacitor.plugin.notification.NotificationDismissReceiver" />
71-->[:capacitor-android] AndroidManifest.xml:24:9-101
71-->[:capacitor-android] AndroidManifest.xml:24:19-98
72
73        <meta-data
73-->[:capacitor-android] AndroidManifest.xml:26:9-28:37
74            android:name="firebase_messaging_auto_init_enabled"
74-->[:capacitor-android] AndroidManifest.xml:27:13-64
75            android:value="false" />
75-->[:capacitor-android] AndroidManifest.xml:28:13-34
76
77        <service
77-->[:capacitor-android] AndroidManifest.xml:30:9-36:19
78            android:name="com.getcapacitor.CapacitorFirebaseMessagingService"
78-->[:capacitor-android] AndroidManifest.xml:31:13-78
79            android:stopWithTask="false" >
79-->[:capacitor-android] AndroidManifest.xml:32:13-41
80            <intent-filter>
80-->[:capacitor-android] AndroidManifest.xml:33:13-35:29
81                <action android:name="com.google.firebase.MESSAGING_EVENT" />
81-->[:capacitor-android] AndroidManifest.xml:34:17-78
81-->[:capacitor-android] AndroidManifest.xml:34:25-75
82            </intent-filter>
83        </service>
84
85        <receiver
85-->[:capacitor-android] AndroidManifest.xml:38:9-47:20
86            android:name="com.getcapacitor.plugin.notification.LocalNotificationRestoreReceiver"
86-->[:capacitor-android] AndroidManifest.xml:39:13-97
87            android:directBootAware="true"
87-->[:capacitor-android] AndroidManifest.xml:40:13-43
88            android:exported="false" >
88-->[:capacitor-android] AndroidManifest.xml:41:13-37
89            <intent-filter>
89-->[:capacitor-android] AndroidManifest.xml:42:13-46:29
90                <action android:name="android.intent.action.LOCKED_BOOT_COMPLETED" />
90-->[:capacitor-android] AndroidManifest.xml:43:17-86
90-->[:capacitor-android] AndroidManifest.xml:43:25-83
91                <action android:name="android.intent.action.BOOT_COMPLETED" />
91-->[:capacitor-android] AndroidManifest.xml:44:17-79
91-->[:capacitor-android] AndroidManifest.xml:44:25-76
92                <action android:name="android.intent.action.QUICKBOOT_POWERON" />
92-->[:capacitor-android] AndroidManifest.xml:45:17-82
92-->[:capacitor-android] AndroidManifest.xml:45:25-79
93            </intent-filter>
94        </receiver>
95        <!--
96             FirebaseMessagingService performs security checks at runtime,
97             but set to not exported to explicitly avoid allowing another app to call it.
98        -->
99        <service
99-->[com.google.firebase:firebase-messaging:20.1.2] AndroidManifest.xml:28:9-34:19
100            android:name="com.google.firebase.messaging.FirebaseMessagingService"
100-->[com.google.firebase:firebase-messaging:20.1.2] AndroidManifest.xml:29:13-82
101            android:exported="false" >
101-->[com.google.firebase:firebase-messaging:20.1.2] AndroidManifest.xml:30:13-37
102            <intent-filter android:priority="-500" >
102-->[:capacitor-android] AndroidManifest.xml:33:13-35:29
103                <action android:name="com.google.firebase.MESSAGING_EVENT" />
103-->[:capacitor-android] AndroidManifest.xml:34:17-78
103-->[:capacitor-android] AndroidManifest.xml:34:25-75
104            </intent-filter>
105        </service>
106        <service
106-->[com.google.firebase:firebase-messaging:20.1.2] AndroidManifest.xml:35:9-41:19
107            android:name="com.google.firebase.components.ComponentDiscoveryService"
107-->[com.google.firebase:firebase-messaging:20.1.2] AndroidManifest.xml:36:13-84
108            android:directBootAware="true"
108-->[com.google.firebase:firebase-common:19.3.0] AndroidManifest.xml:34:13-43
109            android:exported="false" >
109-->[com.google.firebase:firebase-messaging:20.1.2] AndroidManifest.xml:37:13-37
110            <meta-data
110-->[com.google.firebase:firebase-messaging:20.1.2] AndroidManifest.xml:38:13-40:85
111                android:name="com.google.firebase.components:com.google.firebase.messaging.FirebaseMessagingRegistrar"
111-->[com.google.firebase:firebase-messaging:20.1.2] AndroidManifest.xml:39:17-119
112                android:value="com.google.firebase.components.ComponentRegistrar" />
112-->[com.google.firebase:firebase-messaging:20.1.2] AndroidManifest.xml:40:17-82
113            <meta-data
113-->[com.google.firebase:firebase-datatransport:17.0.3] AndroidManifest.xml:28:13-30:85
114                android:name="com.google.firebase.components:com.google.firebase.datatransport.TransportRegistrar"
114-->[com.google.firebase:firebase-datatransport:17.0.3] AndroidManifest.xml:29:17-115
115                android:value="com.google.firebase.components.ComponentRegistrar" />
115-->[com.google.firebase:firebase-datatransport:17.0.3] AndroidManifest.xml:30:17-82
116            <meta-data
116-->[com.google.firebase:firebase-iid:20.1.1] AndroidManifest.xml:32:13-34:85
117                android:name="com.google.firebase.components:com.google.firebase.iid.Registrar"
117-->[com.google.firebase:firebase-iid:20.1.1] AndroidManifest.xml:33:17-96
118                android:value="com.google.firebase.components.ComponentRegistrar" />
118-->[com.google.firebase:firebase-iid:20.1.1] AndroidManifest.xml:34:17-82
119            <meta-data
119-->[com.google.firebase:firebase-installations:16.0.0] AndroidManifest.xml:17:13-19:85
120                android:name="com.google.firebase.components:com.google.firebase.installations.FirebaseInstallationsRegistrar"
120-->[com.google.firebase:firebase-installations:16.0.0] AndroidManifest.xml:18:17-127
121                android:value="com.google.firebase.components.ComponentRegistrar" />
121-->[com.google.firebase:firebase-installations:16.0.0] AndroidManifest.xml:19:17-82
122        </service>
123
124        <receiver
124-->[com.google.firebase:firebase-iid:20.1.1] AndroidManifest.xml:37:9-44:20
125            android:name="com.google.firebase.iid.FirebaseInstanceIdReceiver"
125-->[com.google.firebase:firebase-iid:20.1.1] AndroidManifest.xml:38:13-78
126            android:exported="true"
126-->[com.google.firebase:firebase-iid:20.1.1] AndroidManifest.xml:39:13-36
127            android:permission="com.google.android.c2dm.permission.SEND" >
127-->[com.google.firebase:firebase-iid:20.1.1] AndroidManifest.xml:40:13-73
128            <intent-filter>
128-->[com.google.firebase:firebase-iid:20.1.1] AndroidManifest.xml:41:13-43:29
129                <action android:name="com.google.android.c2dm.intent.RECEIVE" />
129-->[com.google.firebase:firebase-iid:20.1.1] AndroidManifest.xml:42:17-81
129-->[com.google.firebase:firebase-iid:20.1.1] AndroidManifest.xml:42:25-78
130            </intent-filter>
131        </receiver>
132
133        <provider
133-->[com.google.firebase:firebase-common:19.3.0] AndroidManifest.xml:26:9-30:39
134            android:name="com.google.firebase.provider.FirebaseInitProvider"
134-->[com.google.firebase:firebase-common:19.3.0] AndroidManifest.xml:27:13-77
135            android:authorities="org.dpeters.photobooth.app.firebaseinitprovider"
135-->[com.google.firebase:firebase-common:19.3.0] AndroidManifest.xml:28:13-72
136            android:exported="false"
136-->[com.google.firebase:firebase-common:19.3.0] AndroidManifest.xml:29:13-37
137            android:initOrder="100" />
137-->[com.google.firebase:firebase-common:19.3.0] AndroidManifest.xml:30:13-36
138
139        <activity
139-->[com.google.android.gms:play-services-base:17.0.0] AndroidManifest.xml:23:9-26:75
140            android:name="com.google.android.gms.common.api.GoogleApiActivity"
140-->[com.google.android.gms:play-services-base:17.0.0] AndroidManifest.xml:24:13-79
141            android:exported="false"
141-->[com.google.android.gms:play-services-base:17.0.0] AndroidManifest.xml:25:13-37
142            android:theme="@android:style/Theme.Translucent.NoTitleBar" />
142-->[com.google.android.gms:play-services-base:17.0.0] AndroidManifest.xml:26:13-72
143
144        <meta-data
144-->[com.google.android.gms:play-services-basement:17.0.0] AndroidManifest.xml:23:9-25:69
145            android:name="com.google.android.gms.version"
145-->[com.google.android.gms:play-services-basement:17.0.0] AndroidManifest.xml:24:13-58
146            android:value="@integer/google_play_services_version" />
146-->[com.google.android.gms:play-services-basement:17.0.0] AndroidManifest.xml:25:13-66
147
148        <service
148-->[com.google.android.datatransport:transport-backend-cct:2.2.0] AndroidManifest.xml:29:9-35:19
149            android:name="com.google.android.datatransport.runtime.backends.TransportBackendDiscovery"
149-->[com.google.android.datatransport:transport-backend-cct:2.2.0] AndroidManifest.xml:30:13-103
150            android:exported="false" >
150-->[com.google.android.datatransport:transport-backend-cct:2.2.0] AndroidManifest.xml:31:13-37
151            <meta-data
151-->[com.google.android.datatransport:transport-backend-cct:2.2.0] AndroidManifest.xml:32:13-34:39
152                android:name="backend:com.google.android.datatransport.cct.CctBackendFactory"
152-->[com.google.android.datatransport:transport-backend-cct:2.2.0] AndroidManifest.xml:33:17-94
153                android:value="cct" />
153-->[com.google.android.datatransport:transport-backend-cct:2.2.0] AndroidManifest.xml:34:17-36
154        </service>
155        <service
155-->[com.google.android.datatransport:transport-runtime:2.2.0] AndroidManifest.xml:26:9-30:19
156            android:name="com.google.android.datatransport.runtime.scheduling.jobscheduling.JobInfoSchedulerService"
156-->[com.google.android.datatransport:transport-runtime:2.2.0] AndroidManifest.xml:27:13-117
157            android:exported="false"
157-->[com.google.android.datatransport:transport-runtime:2.2.0] AndroidManifest.xml:28:13-37
158            android:permission="android.permission.BIND_JOB_SERVICE" >
158-->[com.google.android.datatransport:transport-runtime:2.2.0] AndroidManifest.xml:29:13-69
159        </service>
160
161        <receiver
161-->[com.google.android.datatransport:transport-runtime:2.2.0] AndroidManifest.xml:32:9-34:40
162            android:name="com.google.android.datatransport.runtime.scheduling.jobscheduling.AlarmManagerSchedulerBroadcastReceiver"
162-->[com.google.android.datatransport:transport-runtime:2.2.0] AndroidManifest.xml:33:13-132
163            android:exported="false" />
163-->[com.google.android.datatransport:transport-runtime:2.2.0] AndroidManifest.xml:34:13-37
164    </application>
165
166</manifest>